2025-07-23 02:02:56,735 - INFO - Starting up FastAPI application...
2025-07-23 02:02:57,300 - ERROR - Error loading model: [02:02:57] C:\actions-runner\_work\xgboost\xgboost\src\common\io.cc:146: Opening app\data\xgb_model.json failed: The system cannot find the file specified.
2025-07-23 02:07:52,701 - INFO - Starting up FastAPI application...
2025-07-23 02:07:52,701 - WARNING - Model files not found. Creating default model...
2025-07-23 02:07:52,701 - WARNING - Model info exists: True
2025-07-23 02:07:52,701 - WARNING - XGBoost model exists: False
2025-07-23 02:07:55,647 - WARNING - Created default model. Please train with actual data using train.py
2025-07-23 02:07:55,647 - INFO - Model loaded successfully
2025-07-23 02:07:55,647 - INFO - Model type: XGBClassifier
2025-07-23 02:07:55,647 - INFO - Feature columns: ['bill_length_mm', 'bill_depth_mm', 'flipper_length_mm', 'body_mass_g', 'year', 'sex_female', 'sex_male', 'island_Biscoe', 'island_Dream', 'island_Torgersen']
2025-07-23 02:07:55,648 - INFO - Application startup completed successfully
2025-07-23 02:19:55,641 - INFO - Starting up FastAPI application...
2025-07-23 02:19:55,641 - INFO - Loading existing model files...
2025-07-23 02:19:56,198 - INFO - Model loaded successfully
2025-07-23 02:19:56,198 - INFO - Model type: XGBClassifier
2025-07-23 02:19:56,198 - INFO - Feature columns: ['bill_length_mm', 'bill_depth_mm', 'flipper_length_mm', 'body_mass_g', 'year', 'sex_female', 'sex_male', 'island_Biscoe', 'island_Dream', 'island_Torgersen']
2025-07-23 02:19:56,198 - INFO - Application startup completed successfully
2025-07-23 02:34:54,212 - INFO - Starting up FastAPI application...
2025-07-23 02:34:54,214 - INFO - Loading existing model files...
2025-07-23 02:34:54,564 - INFO - Model loaded successfully
2025-07-23 02:34:54,565 - INFO - Model type: XGBClassifier
2025-07-23 02:34:54,566 - INFO - Feature columns: ['bill_length_mm', 'bill_depth_mm', 'flipper_length_mm', 'body_mass_g', 'year', 'sex_female', 'sex_male', 'island_Biscoe', 'island_Dream', 'island_Torgersen']
2025-07-23 02:34:54,567 - INFO - Application startup completed successfully
2025-07-23 11:23:05,566 - INFO - Starting up FastAPI application...
2025-07-23 11:23:05,566 - INFO - Loading existing model files...
2025-07-23 11:23:05,738 - INFO - Model loaded successfully
2025-07-23 11:23:05,738 - INFO - Model type: XGBClassifier
2025-07-23 11:23:05,738 - INFO - Feature columns: ['bill_length_mm', 'bill_depth_mm', 'flipper_length_mm', 'body_mass_g', 'year', 'sex_female', 'sex_male', 'island_Biscoe', 'island_Dream', 'island_Torgersen']
2025-07-23 11:23:05,738 - INFO - Application startup completed successfully
2025-07-23 11:23:06,100 - INFO - Starting up FastAPI application...
2025-07-23 11:23:06,100 - INFO - Loading existing model files...
2025-07-23 11:23:06,190 - INFO - Model loaded successfully
2025-07-23 11:23:06,190 - INFO - Model type: XGBClassifier
2025-07-23 11:23:06,190 - INFO - Feature columns: ['bill_length_mm', 'bill_depth_mm', 'flipper_length_mm', 'body_mass_g', 'year', 'sex_female', 'sex_male', 'island_Biscoe', 'island_Dream', 'island_Torgersen']
2025-07-23 11:23:06,190 - INFO - Application startup completed successfully
2025-07-23 11:23:41,303 - INFO - Starting up FastAPI application...
2025-07-23 11:23:41,303 - INFO - Loading existing model files...
2025-07-23 11:23:41,430 - INFO - Model loaded successfully
2025-07-23 11:23:41,430 - INFO - Model type: XGBClassifier
2025-07-23 11:23:41,430 - INFO - Feature columns: ['bill_length_mm', 'bill_depth_mm', 'flipper_length_mm', 'body_mass_g', 'year', 'sex_female', 'sex_male', 'island_Biscoe', 'island_Dream', 'island_Torgersen']
2025-07-23 11:23:41,430 - INFO - Application startup completed successfully
2025-07-24 00:28:33,718 - INFO - Starting up FastAPI application...
2025-07-24 00:28:33,719 - INFO - Starting up FastAPI application...
2025-07-24 00:28:33,720 - INFO - Loading existing model files...
2025-07-24 00:28:33,720 - INFO - Loading existing model files...
2025-07-24 00:28:35,341 - INFO - Starting up FastAPI application...
2025-07-24 00:28:35,341 - INFO - Loading existing model files...
2025-07-24 00:28:35,591 - INFO - Model loaded successfully
2025-07-24 00:28:35,591 - INFO - Model type: XGBClassifier
2025-07-24 00:28:35,591 - INFO - Feature columns: ['bill_length_mm', 'bill_depth_mm', 'flipper_length_mm', 'body_mass_g', 'year', 'sex_female', 'sex_male', 'island_Biscoe', 'island_Dream', 'island_Torgersen']
2025-07-24 00:28:35,592 - INFO - Application startup completed successfully
2025-07-24 00:28:35,592 - INFO - Model loaded successfully
2025-07-24 00:28:35,593 - INFO - Model type: XGBClassifier
2025-07-24 00:28:35,593 - INFO - Feature columns: ['bill_length_mm', 'bill_depth_mm', 'flipper_length_mm', 'body_mass_g', 'year', 'sex_female', 'sex_male', 'island_Biscoe', 'island_Dream', 'island_Torgersen']
2025-07-24 00:28:35,593 - INFO - Application startup completed successfully
2025-07-24 00:28:35,594 - INFO - Model loaded successfully
2025-07-24 00:28:35,594 - INFO - Model type: XGBClassifier
2025-07-24 00:28:35,595 - INFO - Feature columns: ['bill_length_mm', 'bill_depth_mm', 'flipper_length_mm', 'body_mass_g', 'year', 'sex_female', 'sex_male', 'island_Biscoe', 'island_Dream', 'island_Torgersen']
2025-07-24 00:28:35,595 - INFO - Application startup completed successfully
